<?xml version="1.0" encoding="UTF-8"?>
<testsuite name="hello.servlet.member.MemberRepositoryTest" tests="2" skipped="0" failures="0" errors="0" timestamp="2023-07-16T10:51:44" hostname="johyeonhwaui-MacBookPro.local" time="0.139">
  <properties/>
  <testcase name="findAll()" classname="hello.servlet.member.MemberRepositoryTest" time="0.135"/>
  <testcase name="save()" classname="hello.servlet.member.MemberRepositoryTest" time="0.002"/>
  <system-out><![CDATA[]]></system-out>
  <system-err><![CDATA[]]></system-err>
</testsuite>
